Description: <short summary of the patch>
 TODO: Put a short summary on the line above and replace this paragraph
 with a longer explanation of this change. Complete the meta-information
 with other relevant fields (see below for details). To make it easier, the
 information below has been extracted from the changelog. Adjust it or drop
 it.
 .
 securityonion-setup (20120912-0ubuntu0securityonion212) trusty; urgency=medium
 .
   * write date into pulledpork.log
Author: Doug Burks <doug.burks@gmail.com>

---
The information above should follow the Patch Tagging Guidelines, please
checkout http://dep.debian.net/deps/dep3/ to learn about the format. Here
are templates for supplementary fields that you might want to add:

Origin: <vendor|upstream|other>, <url of original patch>
Bug: <url in upstream bugtracker>
Bug-Debian: http://bugs.debian.org/<bugnumber>
Bug-Ubuntu: https://launchpad.net/bugs/<bugnumber>
Forwarded: <no|not-needed|url proving that it has been forwarded>
Reviewed-By: <name and email of someone who approved the patch>
Last-Update: <YYYY-MM-DD>

--- securityonion-setup-20120912.orig/bin/sosetup
+++ securityonion-setup-20120912/bin/sosetup
@@ -1582,6 +1582,7 @@ EOF
 		echo "45"
 		echo "# Please wait while executing PulledPork to download rules..." | tee -a $LOG
 		echo "LOCAL_NIDS_RULE_TUNING=no" >> $CONF
+		date > /var/log/nsm/pulledpork.log
 		/usr/bin/rule-update >> /var/log/nsm/pulledpork.log 2>&1
 	else
 		echo "LOCAL_NIDS_RULE_TUNING=yes" >> $CONF
